This file contains any messages produced by compilers while
running configure, to aid debugging if configure makes a mistake.

It was created by CMPI configure 0.1.1, which was
generated by GNU Autoconf 2.68.  Invocation command line was

  $ ./configure --config-cache --enable-table-dense-1 --enable-tests --with-mpi=/usr

## --------- ##
## Platform. ##
## --------- ##

hostname = roxy
uname -m = x86_64
uname -r = 3.8.0-34-generic
uname -s = Linux
uname -v = #49~precise1-Ubuntu SMP Wed Nov 13 18:05:00 UTC 2013

/usr/bin/uname -p = unknown
/bin/uname -X     = unknown

/bin/arch              = unknown
/usr/bin/arch -k       = unknown
/usr/convex/getsysinfo = unknown
/usr/bin/hostinfo      = unknown
/bin/machine           = unknown
/usr/bin/oslevel       = unknown
/bin/universe          = unknown

PATH: /usr/lib/lightdm/lightdm
PATH: /usr/local/sbin
PATH: /usr/local/bin
PATH: /usr/sbin
PATH: /usr/bin
PATH: /sbin
PATH: /bin
PATH: /usr/games
PATH: /usr/lib/jvm/java-7-openjdk-amd64
PATH: /usr/local/hadoop/bin


## ----------- ##
## Core tests. ##
## ----------- ##

configure:2193: creating cache config.cache
configure:2326: checking build system type
configure:2340: result: x86_64-unknown-linux-gnu
configure:2360: checking host system type
configure:2373: result: x86_64-unknown-linux-gnu
configure:2457: checking for gcc
configure:2473: found /usr/bin/gcc
configure:2484: result: gcc
configure:2713: checking for C compiler version
configure:2722: gcc --version >&5
gcc (Ubuntu/Linaro 4.6.3-1ubuntu5) 4.6.3
Copyright (C) 2011 Free Software Foundation, Inc.
This is free software; see the source for copying conditions.  There is NO
warranty; not even for MERCHANTABILITY or FITNESS FOR A PARTICULAR PURPOSE.

configure:2733: $? = 0
configure:2722: gcc -v >&5
Using built-in specs.
COLLECT_GCC=gcc
COLLECT_LTO_WRAPPER=/usr/lib/gcc/x86_64-linux-gnu/4.6/lto-wrapper
Target: x86_64-linux-gnu
Configured with: ../src/configure -v --with-pkgversion='Ubuntu/Linaro 4.6.3-1ubuntu5' --with-bugurl=file:///usr/share/doc/gcc-4.6/README.Bugs --enable-languages=c,c++,fortran,objc,obj-c++ --prefix=/usr --program-suffix=-4.6 --enable-shared --enable-linker-build-id --with-system-zlib --libexecdir=/usr/lib --without-included-gettext --enable-threads=posix --with-gxx-include-dir=/usr/include/c++/4.6 --libdir=/usr/lib --enable-nls --with-sysroot=/ --enable-clocale=gnu --enable-libstdcxx-debug --enable-libstdcxx-time=yes --enable-gnu-unique-object --enable-plugin --enable-objc-gc --disable-werror --with-arch-32=i686 --with-tune=generic --enable-checking=release --build=x86_64-linux-gnu --host=x86_64-linux-gnu --target=x86_64-linux-gnu
Thread model: posix
gcc version 4.6.3 (Ubuntu/Linaro 4.6.3-1ubuntu5) 
configure:2733: $? = 0
configure:2722: gcc -V >&5
gcc: error: unrecognized option '-V'
gcc: fatal error: no input files
compilation terminated.
configure:2733: $? = 4
configure:2722: gcc -qversion >&5
gcc: error: unrecognized option '-qversion'
gcc: fatal error: no input files
compilation terminated.
configure:2733: $? = 4
configure:2753: checking whether the C compiler works
configure:2775: gcc    conftest.c  >&5
configure:2779: $? = 0
configure:2827: result: yes
configure:2830: checking for C compiler default output file name
configure:2832: result: a.out
configure:2838: checking for suffix of executables
configure:2845: gcc -o conftest    conftest.c  >&5
configure:2849: $? = 0
configure:2871: result: 
configure:2893: checking whether we are cross compiling
configure:2901: gcc -o conftest    conftest.c  >&5
configure:2905: $? = 0
configure:2912: ./conftest
configure:2916: $? = 0
configure:2931: result: no
configure:2936: checking for suffix of object files
configure:2958: gcc -c   conftest.c >&5
configure:2962: $? = 0
configure:2983: result: o
configure:2987: checking whether we are using the GNU C compiler
configure:3006: gcc -c   conftest.c >&5
configure:3006: $? = 0
configure:3015: result: yes
configure:3024: checking whether gcc accepts -g
configure:3044: gcc -c -g  conftest.c >&5
configure:3044: $? = 0
configure:3085: result: yes
configure:3102: checking for gcc option to accept ISO C89
configure:3166: gcc  -c -g -O2  conftest.c >&5
configure:3166: $? = 0
configure:3179: result: none needed
configure:3205: checking how to run the C preprocessor
configure:3236: gcc -E  conftest.c
configure:3236: $? = 0
configure:3250: gcc -E  conftest.c
conftest.c:12:28: fatal error: ac_nonexistent.h: No such file or directory
compilation terminated.
configure:3250: $? = 1
configure: failed program was:
| /* confdefs.h */
| #define PACKAGE_NAME "CMPI"
| #define PACKAGE_TARNAME "cmpi"
| #define PACKAGE_VERSION "0.1.1"
| #define PACKAGE_STRING "CMPI 0.1.1"
| #define PACKAGE_BUGREPORT "wozniak@mcs.anl.gov"
| #define PACKAGE_URL "none"
| #define CMPI_VERSION_MAJOR 0
| #define CMPI_VERSION_MINOR 1
| #define CMPI_VERSION_SUB 1
| /* end confdefs.h.  */
| #include <ac_nonexistent.h>
configure:3275: result: gcc -E
configure:3295: gcc -E  conftest.c
configure:3295: $? = 0
configure:3309: gcc -E  conftest.c
conftest.c:12:28: fatal error: ac_nonexistent.h: No such file or directory
compilation terminated.
configure:3309: $? = 1
configure: failed program was:
| /* confdefs.h */
| #define PACKAGE_NAME "CMPI"
| #define PACKAGE_TARNAME "cmpi"
| #define PACKAGE_VERSION "0.1.1"
| #define PACKAGE_STRING "CMPI 0.1.1"
| #define PACKAGE_BUGREPORT "wozniak@mcs.anl.gov"
| #define PACKAGE_URL "none"
| #define CMPI_VERSION_MAJOR 0
| #define CMPI_VERSION_MINOR 1
| #define CMPI_VERSION_SUB 1
| /* end confdefs.h.  */
| #include <ac_nonexistent.h>
configure:3338: checking for grep that handles long lines and -e
configure:3396: result: /bin/grep
configure:3401: checking for egrep
configure:3463: result: /bin/grep -E
configure:3468: checking for ANSI C header files
configure:3488: gcc -c -g -O2  conftest.c >&5
configure:3488: $? = 0
configure:3561: gcc -o conftest -g -O2   conftest.c  >&5
configure:3561: $? = 0
configure:3561: ./conftest
configure:3561: $? = 0
configure:3572: result: yes
configure:3585: checking for sys/types.h
configure:3585: gcc -c -g -O2  conftest.c >&5
configure:3585: $? = 0
configure:3585: result: yes
configure:3585: checking for sys/stat.h
configure:3585: gcc -c -g -O2  conftest.c >&5
configure:3585: $? = 0
configure:3585: result: yes
configure:3585: checking for stdlib.h
configure:3585: gcc -c -g -O2  conftest.c >&5
configure:3585: $? = 0
configure:3585: result: yes
configure:3585: checking for string.h
configure:3585: gcc -c -g -O2  conftest.c >&5
configure:3585: $? = 0
configure:3585: result: yes
configure:3585: checking for memory.h
configure:3585: gcc -c -g -O2  conftest.c >&5
configure:3585: $? = 0
configure:3585: result: yes
configure:3585: checking for strings.h
configure:3585: gcc -c -g -O2  conftest.c >&5
configure:3585: $? = 0
configure:3585: result: yes
configure:3585: checking for inttypes.h
configure:3585: gcc -c -g -O2  conftest.c >&5
configure:3585: $? = 0
configure:3585: result: yes
configure:3585: checking for stdint.h
configure:3585: gcc -c -g -O2  conftest.c >&5
configure:3585: $? = 0
configure:3585: result: yes
configure:3585: checking for unistd.h
configure:3585: gcc -c -g -O2  conftest.c >&5
configure:3585: $? = 0
configure:3585: result: yes
configure:3597: checking whether byte ordering is bigendian
configure:3612: gcc -c -g -O2  conftest.c >&5
conftest.c:23:9: error: unknown type name 'not'
conftest.c:23:15: error: expected '=', ',', ';', 'asm' or '__attribute__' before 'universal'
conftest.c:23:15: error: unknown type name 'universal'
configure:3612: $? = 1
configure: failed program was:
| /* confdefs.h */
| #define PACKAGE_NAME "CMPI"
| #define PACKAGE_TARNAME "cmpi"
| #define PACKAGE_VERSION "0.1.1"
| #define PACKAGE_STRING "CMPI 0.1.1"
| #define PACKAGE_BUGREPORT "wozniak@mcs.anl.gov"
| #define PACKAGE_URL "none"
| #define CMPI_VERSION_MAJOR 0
| #define CMPI_VERSION_MINOR 1
| #define CMPI_VERSION_SUB 1
| #define STDC_HEADERS 1
| #define HAVE_SYS_TYPES_H 1
| #define HAVE_SYS_STAT_H 1
| #define HAVE_STDLIB_H 1
| #define HAVE_STRING_H 1
| #define HAVE_MEMORY_H 1
| #define HAVE_STRINGS_H 1
| #define HAVE_INTTYPES_H 1
| #define HAVE_STDINT_H 1
| #define HAVE_UNISTD_H 1
| /* end confdefs.h.  */
| #ifndef __APPLE_CC__
| 	       not a universal capable compiler
| 	     #endif
| 	     typedef int dummy;
| 
configure:3657: gcc -c -g -O2  conftest.c >&5
configure:3657: $? = 0
configure:3675: gcc -c -g -O2  conftest.c >&5
conftest.c: In function 'main':
conftest.c:29:4: error: unknown type name 'not'
conftest.c:29:12: error: expected '=', ',', ';', 'asm' or '__attribute__' before 'endian'
configure:3675: $? = 1
configure: failed program was:
| /* confdefs.h */
| #define PACKAGE_NAME "CMPI"
| #define PACKAGE_TARNAME "cmpi"
| #define PACKAGE_VERSION "0.1.1"
| #define PACKAGE_STRING "CMPI 0.1.1"
| #define PACKAGE_BUGREPORT "wozniak@mcs.anl.gov"
| #define PACKAGE_URL "none"
| #define CMPI_VERSION_MAJOR 0
| #define CMPI_VERSION_MINOR 1
| #define CMPI_VERSION_SUB 1
| #define STDC_HEADERS 1
| #define HAVE_SYS_TYPES_H 1
| #define HAVE_SYS_STAT_H 1
| #define HAVE_STDLIB_H 1
| #define HAVE_STRING_H 1
| #define HAVE_MEMORY_H 1
| #define HAVE_STRINGS_H 1
| #define HAVE_INTTYPES_H 1
| #define HAVE_STDINT_H 1
| #define HAVE_UNISTD_H 1
| /* end confdefs.h.  */
| #include <sys/types.h>
| 		#include <sys/param.h>
| 
| int
| main ()
| {
| #if BYTE_ORDER != BIG_ENDIAN
| 		 not big endian
| 		#endif
| 
|   ;
|   return 0;
| }
configure:3803: result: no
configure:3821: checking for an ANSI C-conforming const
configure:3886: gcc -c -g -O2  conftest.c >&5
configure:3886: $? = 0
configure:3893: result: yes
configure:3901: checking for inline
configure:3917: gcc -c -g -O2  conftest.c >&5
configure:3917: $? = 0
configure:3925: result: inline
configure:3944: checking whether struct tm is in sys/time.h or time.h
configure:3964: gcc -c -g -O2  conftest.c >&5
configure:3964: $? = 0
configure:3971: result: time.h
configure:3980: checking return type of signal handlers
configure:3998: gcc -c -g -O2  conftest.c >&5
conftest.c: In function 'main':
conftest.c:28:1: error: void value not ignored as it ought to be
configure:3998: $? = 1
configure: failed program was:
| /* confdefs.h */
| #define PACKAGE_NAME "CMPI"
| #define PACKAGE_TARNAME "cmpi"
| #define PACKAGE_VERSION "0.1.1"
| #define PACKAGE_STRING "CMPI 0.1.1"
| #define PACKAGE_BUGREPORT "wozniak@mcs.anl.gov"
| #define PACKAGE_URL "none"
| #define CMPI_VERSION_MAJOR 0
| #define CMPI_VERSION_MINOR 1
| #define CMPI_VERSION_SUB 1
| #define STDC_HEADERS 1
| #define HAVE_SYS_TYPES_H 1
| #define HAVE_SYS_STAT_H 1
| #define HAVE_STDLIB_H 1
| #define HAVE_STRING_H 1
| #define HAVE_MEMORY_H 1
| #define HAVE_STRINGS_H 1
| #define HAVE_INTTYPES_H 1
| #define HAVE_STDINT_H 1
| #define HAVE_UNISTD_H 1
| /* end confdefs.h.  */
| #include <sys/types.h>
| #include <signal.h>
| 
| int
| main ()
| {
| return *(signal (0, 0)) (0) == 1;
|   ;
|   return 0;
| }
configure:4005: result: void
configure:4014: checking for uint32_t
configure:4014: gcc -c -g -O2  conftest.c >&5
configure:4014: $? = 0
configure:4014: result: yes
configure:4028: checking for uint64_t
configure:4028: gcc -c -g -O2  conftest.c >&5
configure:4028: $? = 0
configure:4028: result: yes
configure:4043: checking for size_t
configure:4043: gcc -c -g -O2  conftest.c >&5
configure:4043: $? = 0
configure:4043: gcc -c -g -O2  conftest.c >&5
conftest.c: In function 'main':
conftest.c:59:21: error: expected expression before ')' token
configure:4043: $? = 1
configure: failed program was:
| /* confdefs.h */
| #define PACKAGE_NAME "CMPI"
| #define PACKAGE_TARNAME "cmpi"
| #define PACKAGE_VERSION "0.1.1"
| #define PACKAGE_STRING "CMPI 0.1.1"
| #define PACKAGE_BUGREPORT "wozniak@mcs.anl.gov"
| #define PACKAGE_URL "none"
| #define CMPI_VERSION_MAJOR 0
| #define CMPI_VERSION_MINOR 1
| #define CMPI_VERSION_SUB 1
| #define STDC_HEADERS 1
| #define HAVE_SYS_TYPES_H 1
| #define HAVE_SYS_STAT_H 1
| #define HAVE_STDLIB_H 1
| #define HAVE_STRING_H 1
| #define HAVE_MEMORY_H 1
| #define HAVE_STRINGS_H 1
| #define HAVE_INTTYPES_H 1
| #define HAVE_STDINT_H 1
| #define HAVE_UNISTD_H 1
| #define RETSIGTYPE void
| /* end confdefs.h.  */
| #include <stdio.h>
| #ifdef HAVE_SYS_TYPES_H
| # include <sys/types.h>
| #endif
| #ifdef HAVE_SYS_STAT_H
| # include <sys/stat.h>
| #endif
| #ifdef STDC_HEADERS
| # include <stdlib.h>
| # include <stddef.h>
| #else
| # ifdef HAVE_STDLIB_H
| #  include <stdlib.h>
| # endif
| #endif
| #ifdef HAVE_STRING_H
| # if !defined STDC_HEADERS && defined HAVE_MEMORY_H
| #  include <memory.h>
| # endif
| # include <string.h>
| #endif
| #ifdef HAVE_STRINGS_H
| # include <strings.h>
| #endif
| #ifdef HAVE_INTTYPES_H
| # include <inttypes.h>
| #endif
| #ifdef HAVE_STDINT_H
| # include <stdint.h>
| #endif
| #ifdef HAVE_UNISTD_H
| # include <unistd.h>
| #endif
| int
| main ()
| {
| if (sizeof ((size_t)))
| 	    return 0;
|   ;
|   return 0;
| }
configure:4043: result: yes
configure:4056: checking for stdbool.h that conforms to C99
configure:4123: gcc -c -g -O2  conftest.c >&5
configure:4123: $? = 0
configure:4130: result: yes
configure:4132: checking for _Bool
configure:4132: gcc -c -g -O2  conftest.c >&5
configure:4132: $? = 0
configure:4132: gcc -c -g -O2  conftest.c >&5
conftest.c: In function 'main':
conftest.c:59:20: error: expected expression before ')' token
configure:4132: $? = 1
configure: failed program was:
| /* confdefs.h */
| #define PACKAGE_NAME "CMPI"
| #define PACKAGE_TARNAME "cmpi"
| #define PACKAGE_VERSION "0.1.1"
| #define PACKAGE_STRING "CMPI 0.1.1"
| #define PACKAGE_BUGREPORT "wozniak@mcs.anl.gov"
| #define PACKAGE_URL "none"
| #define CMPI_VERSION_MAJOR 0
| #define CMPI_VERSION_MINOR 1
| #define CMPI_VERSION_SUB 1
| #define STDC_HEADERS 1
| #define HAVE_SYS_TYPES_H 1
| #define HAVE_SYS_STAT_H 1
| #define HAVE_STDLIB_H 1
| #define HAVE_STRING_H 1
| #define HAVE_MEMORY_H 1
| #define HAVE_STRINGS_H 1
| #define HAVE_INTTYPES_H 1
| #define HAVE_STDINT_H 1
| #define HAVE_UNISTD_H 1
| #define RETSIGTYPE void
| /* end confdefs.h.  */
| #include <stdio.h>
| #ifdef HAVE_SYS_TYPES_H
| # include <sys/types.h>
| #endif
| #ifdef HAVE_SYS_STAT_H
| # include <sys/stat.h>
| #endif
| #ifdef STDC_HEADERS
| # include <stdlib.h>
| # include <stddef.h>
| #else
| # ifdef HAVE_STDLIB_H
| #  include <stdlib.h>
| # endif
| #endif
| #ifdef HAVE_STRING_H
| # if !defined STDC_HEADERS && defined HAVE_MEMORY_H
| #  include <memory.h>
| # endif
| # include <string.h>
| #endif
| #ifdef HAVE_STRINGS_H
| # include <strings.h>
| #endif
| #ifdef HAVE_INTTYPES_H
| # include <inttypes.h>
| #endif
| #ifdef HAVE_STDINT_H
| # include <stdint.h>
| #endif
| #ifdef HAVE_UNISTD_H
| # include <unistd.h>
| #endif
| int
| main ()
| {
| if (sizeof ((_Bool)))
| 	    return 0;
|   ;
|   return 0;
| }
configure:4132: result: yes
configure:4148: checking whether time.h and sys/time.h may both be included
configure:4168: gcc -c -g -O2  conftest.c >&5
configure:4168: $? = 0
configure:4175: result: yes
configure:4186: checking fcntl.h usability
configure:4186: gcc -c -g -O2  conftest.c >&5
configure:4186: $? = 0
configure:4186: result: yes
configure:4186: checking fcntl.h presence
configure:4186: gcc -E  conftest.c
configure:4186: $? = 0
configure:4186: result: yes
configure:4186: checking for fcntl.h
configure:4186: result: yes
configure:4198: checking limits.h usability
configure:4198: gcc -c -g -O2  conftest.c >&5
configure:4198: $? = 0
configure:4198: result: yes
configure:4198: checking limits.h presence
configure:4198: gcc -E  conftest.c
configure:4198: $? = 0
configure:4198: result: yes
configure:4198: checking for limits.h
configure:4198: result: yes
configure:4210: checking malloc.h usability
configure:4210: gcc -c -g -O2  conftest.c >&5
configure:4210: $? = 0
configure:4210: result: yes
configure:4210: checking malloc.h presence
configure:4210: gcc -E  conftest.c
configure:4210: $? = 0
configure:4210: result: yes
configure:4210: checking for malloc.h
configure:4210: result: yes
configure:4222: checking stdarg.h usability
configure:4222: gcc -c -g -O2  conftest.c >&5
configure:4222: $? = 0
configure:4222: result: yes
configure:4222: checking stdarg.h presence
configure:4222: gcc -E  conftest.c
configure:4222: $? = 0
configure:4222: result: yes
configure:4222: checking for stdarg.h
configure:4222: result: yes
configure:4234: checking syslog.h usability
configure:4234: gcc -c -g -O2  conftest.c >&5
configure:4234: $? = 0
configure:4234: result: yes
configure:4234: checking syslog.h presence
configure:4234: gcc -E  conftest.c
configure:4234: $? = 0
configure:4234: result: yes
configure:4234: checking for syslog.h
configure:4234: result: yes
configure:4244: checking sys/sysinfo.h usability
configure:4244: gcc -c -g -O2  conftest.c >&5
configure:4244: $? = 0
configure:4244: result: yes
configure:4244: checking sys/sysinfo.h presence
configure:4244: gcc -E  conftest.c
configure:4244: $? = 0
configure:4244: result: yes
configure:4244: checking for sys/sysinfo.h
configure:4244: result: yes
configure:4254: checking sys/time.h usability
configure:4254: gcc -c -g -O2  conftest.c >&5
configure:4254: $? = 0
configure:4254: result: yes
configure:4254: checking sys/time.h presence
configure:4254: gcc -E  conftest.c
configure:4254: $? = 0
configure:4254: result: yes
configure:4254: checking for sys/time.h
configure:4254: result: yes
configure:4266: checking for stdlib.h
configure:4266: result: yes
configure:4276: checking for GNU libc compatible malloc
configure:4300: gcc -o conftest -g -O2   conftest.c  >&5
configure:4300: $? = 0
configure:4300: ./conftest
configure:4300: $? = 0
configure:4310: result: yes
configure:4331: checking for working memcmp
configure:4374: gcc -o conftest -g -O2   conftest.c  >&5
configure:4374: $? = 0
configure:4374: ./conftest
configure:4374: $? = 0
configure:4384: result: yes
configure:4395: checking for stdlib.h
configure:4395: result: yes
configure:4405: checking for GNU libc compatible realloc
configure:4429: gcc -o conftest -g -O2   conftest.c  >&5
configure:4429: $? = 0
configure:4429: ./conftest
configure:4429: $? = 0
configure:4439: result: yes
configure:4462: checking for strftime
configure:4462: gcc -o conftest -g -O2   conftest.c  >&5
conftest.c:60:6: warning: conflicting types for built-in function 'strftime' [enabled by default]
configure:4462: $? = 0
configure:4462: result: yes
configure:4517: checking for bzero
configure:4517: gcc -o conftest -g -O2   conftest.c  >&5
conftest.c:61:6: warning: conflicting types for built-in function 'bzero' [enabled by default]
configure:4517: $? = 0
configure:4517: result: yes
configure:4528: checking for gethostname
configure:4528: gcc -o conftest -g -O2   conftest.c  >&5
configure:4528: $? = 0
configure:4528: result: yes
configure:4539: checking for gettimeofday
configure:4539: gcc -o conftest -g -O2   conftest.c  >&5
configure:4539: $? = 0
configure:4539: result: yes
configure:4550: checking for index
configure:4550: gcc -o conftest -g -O2   conftest.c  >&5
conftest.c:64:6: warning: conflicting types for built-in function 'index' [enabled by default]
configure:4550: $? = 0
configure:4550: result: yes
configure:4561: checking for memset
configure:4561: gcc -o conftest -g -O2   conftest.c  >&5
conftest.c:65:6: warning: conflicting types for built-in function 'memset' [enabled by default]
configure:4561: $? = 0
configure:4561: result: yes
configure:4572: checking for mkfifo
configure:4572: gcc -o conftest -g -O2   conftest.c  >&5
configure:4572: $? = 0
configure:4572: result: yes
configure:4583: checking for socket
configure:4583: gcc -o conftest -g -O2   conftest.c  >&5
configure:4583: $? = 0
configure:4583: result: yes
configure:4594: checking for sqrt
configure:4594: gcc -o conftest -g -O2   conftest.c  >&5
conftest.c:68:6: warning: conflicting types for built-in function 'sqrt' [enabled by default]
/tmp/cc2Mex2a.o: In function `main':
/home/adil/Dropbox/CSE-603/Project/libs/c-mpi-code/conftest.c:79: undefined reference to `sqrt'
collect2: ld returned 1 exit status
configure:4594: $? = 1
configure: failed program was:
| /* confdefs.h */
| #define PACKAGE_NAME "CMPI"
| #define PACKAGE_TARNAME "cmpi"
| #define PACKAGE_VERSION "0.1.1"
| #define PACKAGE_STRING "CMPI 0.1.1"
| #define PACKAGE_BUGREPORT "wozniak@mcs.anl.gov"
| #define PACKAGE_URL "none"
| #define CMPI_VERSION_MAJOR 0
| #define CMPI_VERSION_MINOR 1
| #define CMPI_VERSION_SUB 1
| #define STDC_HEADERS 1
| #define HAVE_SYS_TYPES_H 1
| #define HAVE_SYS_STAT_H 1
| #define HAVE_STDLIB_H 1
| #define HAVE_STRING_H 1
| #define HAVE_MEMORY_H 1
| #define HAVE_STRINGS_H 1
| #define HAVE_INTTYPES_H 1
| #define HAVE_STDINT_H 1
| #define HAVE_UNISTD_H 1
| #define RETSIGTYPE void
| #define HAVE__BOOL 1
| #define HAVE_STDBOOL_H 1
| #define TIME_WITH_SYS_TIME 1
| #define HAVE_FCNTL_H 1
| #define HAVE_LIMITS_H 1
| #define HAVE_MALLOC_H 1
| #define HAVE_STDARG_H 1
| #define HAVE_SYSLOG_H 1
| #define HAVE_SYSINFO 1
| #define HAVE_SYS_TIME_H 1
| #define HAVE_STDLIB_H 1
| #define HAVE_MALLOC 1
| #define HAVE_STDLIB_H 1
| #define HAVE_REALLOC 1
| #define HAVE_STRFTIME 1
| #define HAVE_BZERO 1
| #define HAVE_GETHOSTNAME 1
| #define HAVE_GETTIMEOFDAY 1
| #define HAVE_INDEX 1
| #define HAVE_MEMSET 1
| #define HAVE_MKFIFO 1
| #define HAVE_SOCKET 1
| /* end confdefs.h.  */
| /* Define sqrt to an innocuous variant, in case <limits.h> declares sqrt.
|    For example, HP-UX 11i <limits.h> declares gettimeofday.  */
| #define sqrt innocuous_sqrt
| 
| /* System header to define __stub macros and hopefully few prototypes,
|     which can conflict with char sqrt (); below.
|     Prefer <limits.h> to <assert.h> if __STDC__ is defined, since
|     <limits.h> exists even on freestanding compilers.  */
| 
| #ifdef __STDC__
| # include <limits.h>
| #else
| # include <assert.h>
| #endif
| 
| #undef sqrt
| 
| /* Override any GCC internal prototype to avoid an error.
|    Use char because int might match the return type of a GCC
|    builtin and then its argument prototype would still apply.  */
| #ifdef __cplusplus
| extern "C"
| #endif
| char sqrt ();
| /* The GNU C library defines this for functions which it implements
|     to always fail with ENOSYS.  Some functions are actually named
|     something starting with __ and the normal name is an alias.  */
| #if defined __stub_sqrt || defined __stub___sqrt
| choke me
| #endif
| 
| int
| main ()
| {
| return sqrt ();
|   ;
|   return 0;
| }
configure:4594: result: no
configure:4605: checking for stat
configure:4605: gcc -o conftest -g -O2   conftest.c  >&5
configure:4605: $? = 0
configure:4605: result: yes
configure:4616: checking for strchr
configure:4616: gcc -o conftest -g -O2   conftest.c  >&5
conftest.c:69:6: warning: conflicting types for built-in function 'strchr' [enabled by default]
configure:4616: $? = 0
configure:4616: result: yes
configure:4627: checking for strdup
configure:4627: gcc -o conftest -g -O2   conftest.c  >&5
conftest.c:70:6: warning: conflicting types for built-in function 'strdup' [enabled by default]
configure:4627: $? = 0
configure:4627: result: yes
configure:4638: checking for strnlen
configure:4638: gcc -o conftest -g -O2   conftest.c  >&5
configure:4638: $? = 0
configure:4638: result: yes
configure:4649: checking for strtoull
configure:4649: gcc -o conftest -g -O2   conftest.c  >&5
configure:4649: $? = 0
configure:4649: result: yes
configure:4660: checking for strstr
configure:4660: gcc -o conftest -g -O2   conftest.c  >&5
conftest.c:73:6: warning: conflicting types for built-in function 'strstr' [enabled by default]
configure:4660: $? = 0
configure:4660: result: yes
configure:4670: checking for SHA1 in -lcrypto
configure:4695: gcc -o conftest -g -O2   conftest.c -lcrypto   >&5
configure:4695: $? = 0
configure:4704: result: yes
configure:4732: checking for a BSD-compatible install
configure:4800: result: /usr/bin/install -c
configure:4811: checking whether make sets $(MAKE)
configure:4833: result: yes
configure:4890: checking for gcc
configure:4917: result: gcc
configure:5146: checking for C compiler version
configure:5155: gcc --version >&5
gcc (Ubuntu/Linaro 4.6.3-1ubuntu5) 4.6.3
Copyright (C) 2011 Free Software Foundation, Inc.
This is free software; see the source for copying conditions.  There is NO
warranty; not even for MERCHANTABILITY or FITNESS FOR A PARTICULAR PURPOSE.

configure:5166: $? = 0
configure:5155: gcc -v >&5
Using built-in specs.
COLLECT_GCC=gcc
COLLECT_LTO_WRAPPER=/usr/lib/gcc/x86_64-linux-gnu/4.6/lto-wrapper
Target: x86_64-linux-gnu
Configured with: ../src/configure -v --with-pkgversion='Ubuntu/Linaro 4.6.3-1ubuntu5' --with-bugurl=file:///usr/share/doc/gcc-4.6/README.Bugs --enable-languages=c,c++,fortran,objc,obj-c++ --prefix=/usr --program-suffix=-4.6 --enable-shared --enable-linker-build-id --with-system-zlib --libexecdir=/usr/lib --without-included-gettext --enable-threads=posix --with-gxx-include-dir=/usr/include/c++/4.6 --libdir=/usr/lib --enable-nls --with-sysroot=/ --enable-clocale=gnu --enable-libstdcxx-debug --enable-libstdcxx-time=yes --enable-gnu-unique-object --enable-plugin --enable-objc-gc --disable-werror --with-arch-32=i686 --with-tune=generic --enable-checking=release --build=x86_64-linux-gnu --host=x86_64-linux-gnu --target=x86_64-linux-gnu
Thread model: posix
gcc version 4.6.3 (Ubuntu/Linaro 4.6.3-1ubuntu5) 
configure:5166: $? = 0
configure:5155: gcc -V >&5
gcc: error: unrecognized option '-V'
gcc: fatal error: no input files
compilation terminated.
configure:5166: $? = 4
configure:5155: gcc -qversion >&5
gcc: error: unrecognized option '-qversion'
gcc: fatal error: no input files
compilation terminated.
configure:5166: $? = 4
configure:5170: checking whether we are using the GNU C compiler
configure:5198: result: yes
configure:5207: checking whether gcc accepts -g
configure:5268: result: yes
configure:5285: checking for gcc option to accept ISO C89
configure:5362: result: none needed
configure:5383: checking for required gcc
configure:5396: checking how to run the C preprocessor
configure:5466: result: gcc -E
configure:5486: gcc -E  conftest.c
configure:5486: $? = 0
configure:5500: gcc -E  conftest.c
conftest.c:52:28: fatal error: ac_nonexistent.h: No such file or directory
compilation terminated.
configure:5500: $? = 1
configure: failed program was:
| /* confdefs.h */
| #define PACKAGE_NAME "CMPI"
| #define PACKAGE_TARNAME "cmpi"
| #define PACKAGE_VERSION "0.1.1"
| #define PACKAGE_STRING "CMPI 0.1.1"
| #define PACKAGE_BUGREPORT "wozniak@mcs.anl.gov"
| #define PACKAGE_URL "none"
| #define CMPI_VERSION_MAJOR 0
| #define CMPI_VERSION_MINOR 1
| #define CMPI_VERSION_SUB 1
| #define STDC_HEADERS 1
| #define HAVE_SYS_TYPES_H 1
| #define HAVE_SYS_STAT_H 1
| #define HAVE_STDLIB_H 1
| #define HAVE_STRING_H 1
| #define HAVE_MEMORY_H 1
| #define HAVE_STRINGS_H 1
| #define HAVE_INTTYPES_H 1
| #define HAVE_STDINT_H 1
| #define HAVE_UNISTD_H 1
| #define RETSIGTYPE void
| #define HAVE__BOOL 1
| #define HAVE_STDBOOL_H 1
| #define TIME_WITH_SYS_TIME 1
| #define HAVE_FCNTL_H 1
| #define HAVE_LIMITS_H 1
| #define HAVE_MALLOC_H 1
| #define HAVE_STDARG_H 1
| #define HAVE_SYSLOG_H 1
| #define HAVE_SYSINFO 1
| #define HAVE_SYS_TIME_H 1
| #define HAVE_STDLIB_H 1
| #define HAVE_MALLOC 1
| #define HAVE_STDLIB_H 1
| #define HAVE_REALLOC 1
| #define HAVE_STRFTIME 1
| #define HAVE_BZERO 1
| #define HAVE_GETHOSTNAME 1
| #define HAVE_GETTIMEOFDAY 1
| #define HAVE_INDEX 1
| #define HAVE_MEMSET 1
| #define HAVE_MKFIFO 1
| #define HAVE_SOCKET 1
| #define HAVE_STAT 1
| #define HAVE_STRCHR 1
| #define HAVE_STRDUP 1
| #define HAVE_STRNLEN 1
| #define HAVE_STRTOULL 1
| #define HAVE_STRSTR 1
| #define HAVE_LIBCRYPTO 1
| /* end confdefs.h.  */
| #include <ac_nonexistent.h>
configure:5571: checking for ranlib
configure:5587: found /usr/bin/ranlib
configure:5598: result: ranlib
configure:5622: checking for find
configure:5638: found /usr/bin/find
configure:5650: result: yes
configure:5815: result: Not using DISKSIM...
configure:5824: result: omitting disk operations...
configure:5858: checking for srun
configure:5886: result: no
configure:5999: checking whether the mpicc compiler works
configure:6012: /usr/bin/mpicc -c  -g -O2  conftest.c >&5
configure:6012: $? = 0
configure:6013: result: yes
configure:6027: result: using dense-1 table implementation... 
configure:6129: result: enabling test modules...
configure:6140: checking for grep
configure:6158: found /bin/grep
configure:6170: result: /bin/grep
configure:6276: updating cache config.cache
configure:6326: creating ./config.status

## ---------------------- ##
## Running config.status. ##
## ---------------------- ##

This file was extended by CMPI config.status 0.1.1, which was
generated by GNU Autoconf 2.68.  Invocation command line was

  CONFIG_FILES    = 
  CONFIG_HEADERS  = 
  CONFIG_LINKS    = 
  CONFIG_COMMANDS = 
  $ ./config.status 

on roxy

config.status:904: creating Makefile
config.status:904: creating src/gossip/module.mk
config.status:904: creating src/adts/module.mk
config.status:904: creating src/cmpi/module.mk
config.status:904: creating src/cmpi-cp/module.mk
config.status:904: creating src/cmpi-db/module.mk
config.status:904: creating src/mpi_tools/module.mk
config.status:904: creating src/mpirpc/module.mk
config.status:904: creating src/dense-1/module.mk
config.status:904: creating src/kda-2/module.mk
config.status:904: creating test/adts/module.mk
config.status:904: creating test/cmpi/module.mk
config.status:904: creating test/cmpi-db/module.mk
config.status:904: creating test/driver/module.mk
config.status:904: creating test/gossip/module.mk
config.status:904: creating test/mpirpc/module.mk
config.status:904: creating test/mpi_tools/module.mk
config.status:904: creating cmpi-config.h
config.status:1079: cmpi-config.h is unchanged
configure:7524: result: 
configure:7526: result: CMPI version string: 0.1.1pre1-2013-12-05-180845
configure:7529: result: 

## ---------------- ##
## Cache variables. ##
## ---------------- ##

ac_cv_build=x86_64-unknown-linux-gnu
ac_cv_c_bigendian=no
ac_cv_c_compiler_gnu=yes
ac_cv_c_const=yes
ac_cv_c_inline=inline
ac_cv_c_uint32_t=yes
ac_cv_c_uint64_t=yes
ac_cv_env_CC_set=
ac_cv_env_CC_value=
ac_cv_env_CFLAGS_set=
ac_cv_env_CFLAGS_value=
ac_cv_env_CPPFLAGS_set=
ac_cv_env_CPPFLAGS_value=
ac_cv_env_CPP_set=
ac_cv_env_CPP_value=
ac_cv_env_LDFLAGS_set=
ac_cv_env_LDFLAGS_value=
ac_cv_env_LIBS_set=
ac_cv_env_LIBS_value=
ac_cv_env_build_alias_set=
ac_cv_env_build_alias_value=
ac_cv_env_host_alias_set=
ac_cv_env_host_alias_value=
ac_cv_env_target_alias_set=
ac_cv_env_target_alias_value=
ac_cv_func_bzero=yes
ac_cv_func_gethostname=yes
ac_cv_func_gettimeofday=yes
ac_cv_func_index=yes
ac_cv_func_malloc_0_nonnull=yes
ac_cv_func_memcmp_working=yes
ac_cv_func_memset=yes
ac_cv_func_mkfifo=yes
ac_cv_func_realloc_0_nonnull=yes
ac_cv_func_socket=yes
ac_cv_func_sqrt=no
ac_cv_func_stat=yes
ac_cv_func_strchr=yes
ac_cv_func_strdup=yes
ac_cv_func_strftime=yes
ac_cv_func_strnlen=yes
ac_cv_func_strstr=yes
ac_cv_func_strtoull=yes
ac_cv_header_fcntl_h=yes
ac_cv_header_inttypes_h=yes
ac_cv_header_limits_h=yes
ac_cv_header_malloc_h=yes
ac_cv_header_memory_h=yes
ac_cv_header_stdarg_h=yes
ac_cv_header_stdbool_h=yes
ac_cv_header_stdc=yes
ac_cv_header_stdint_h=yes
ac_cv_header_stdlib_h=yes
ac_cv_header_string_h=yes
ac_cv_header_strings_h=yes
ac_cv_header_sys_stat_h=yes
ac_cv_header_sys_sysinfo_h=yes
ac_cv_header_sys_time_h=yes
ac_cv_header_sys_types_h=yes
ac_cv_header_syslog_h=yes
ac_cv_header_time=yes
ac_cv_header_unistd_h=yes
ac_cv_host=x86_64-unknown-linux-gnu
ac_cv_lib_crypto_SHA1=yes
ac_cv_objext=o
ac_cv_path_EGREP='/bin/grep -E'
ac_cv_path_GREP=/bin/grep
ac_cv_path_grep=/bin/grep
ac_cv_path_install='/usr/bin/install -c'
ac_cv_prog_CPP='gcc -E'
ac_cv_prog_HAVE_FIND=yes
ac_cv_prog_HAVE_SRUN=no
ac_cv_prog_ac_ct_CC=gcc
ac_cv_prog_ac_ct_RANLIB=ranlib
ac_cv_prog_cc_c89=
ac_cv_prog_cc_g=yes
ac_cv_prog_make_make_set=yes
ac_cv_struct_tm=time.h
ac_cv_type__Bool=yes
ac_cv_type_signal=void
ac_cv_type_size_t=yes

## ----------------- ##
## Output variables. ##
## ----------------- ##

BUILD_CC=''
BUILD_CFLAGS=''
BUILD_LDFLAGS=''
CC='gcc'
CFLAGS=' -g -O2'
CMPI_VERSION='0.1.1pre1-2013-12-05-180845'
CPP='gcc -E'
CPPFLAGS=''
DEFS='-DHAVE_CONFIG_H'
DMALLOC_LOCATION=''
ECHO_C=''
ECHO_N='-n'
ECHO_T=''
EGREP='/bin/grep -E'
ENABLE_TESTS='yes'
EXEEXT=''
GREP='/bin/grep'
HAVE_FIND='yes'
HAVE_MPICC=''
HAVE_SRUN='no'
INSTALL_DATA='${INSTALL} -m 644'
INSTALL_PROGRAM='${INSTALL}'
INSTALL_SCRIPT='${INSTALL}'
LDFLAGS=''
LIBOBJS=''
LIBS='-lcrypto '
LTLIBOBJS=''
MPIARGS=''
MPIEXEC='mpiexec'
OBJEXT='o'
OPENSSL_LOCATION=''
PACKAGE_BUGREPORT='wozniak@mcs.anl.gov'
PACKAGE_NAME='CMPI'
PACKAGE_STRING='CMPI 0.1.1'
PACKAGE_TARNAME='cmpi'
PACKAGE_URL='none'
PACKAGE_VERSION='0.1.1'
PATH_SEPARATOR=':'
QUIET_COMPILE='1'
RANLIB='ranlib'
RDYNAMIC='-rdynamic'
SET_MAKE=''
SHELL='/bin/bash'
STRICT_CFLAGS=''
USE_CMPI_IO='0'
USE_CMPI_MODE='MONO'
USE_COMM_WORLD='1'
USE_DISKSIM=''
USE_DISK_PRINTF='0'
USE_DISK_VOID='1'
USE_DRIVER='0'
USE_MPI='/usr'
USE_TABLE_DENSE_1='1'
USE_TABLE_KDA_2A='0'
USE_TABLE_KDA_2B='0'
ac_ct_CC='gcc'
bindir='${exec_prefix}/bin'
build='x86_64-unknown-linux-gnu'
build_alias=''
build_cpu='x86_64'
build_os='linux-gnu'
build_vendor='unknown'
datadir='${datarootdir}'
datarootdir='${prefix}/share'
docdir='${datarootdir}/doc/${PACKAGE_TARNAME}'
dvidir='${docdir}'
exec_prefix='${prefix}'
grep='/bin/grep'
host='x86_64-unknown-linux-gnu'
host_alias=''
host_cpu='x86_64'
host_os='linux-gnu'
host_vendor='unknown'
htmldir='${docdir}'
includedir='${prefix}/include'
infodir='${datarootdir}/info'
libdir='${exec_prefix}/lib'
libexecdir='${exec_prefix}/libexec'
localedir='${datarootdir}/locale'
localstatedir='${prefix}/var'
mandir='${datarootdir}/man'
oldincludedir='/usr/include'
pdfdir='${docdir}'
prefix='/usr/local'
program_transform_name='s,x,x,'
psdir='${docdir}'
sbindir='${exec_prefix}/sbin'
sharedstatedir='${prefix}/com'
sysconfdir='${prefix}/etc'
target_alias=''

## ----------- ##
## confdefs.h. ##
## ----------- ##

/* confdefs.h */
#define PACKAGE_NAME "CMPI"
#define PACKAGE_TARNAME "cmpi"
#define PACKAGE_VERSION "0.1.1"
#define PACKAGE_STRING "CMPI 0.1.1"
#define PACKAGE_BUGREPORT "wozniak@mcs.anl.gov"
#define PACKAGE_URL "none"
#define CMPI_VERSION_MAJOR 0
#define CMPI_VERSION_MINOR 1
#define CMPI_VERSION_SUB 1
#define STDC_HEADERS 1
#define HAVE_SYS_TYPES_H 1
#define HAVE_SYS_STAT_H 1
#define HAVE_STDLIB_H 1
#define HAVE_STRING_H 1
#define HAVE_MEMORY_H 1
#define HAVE_STRINGS_H 1
#define HAVE_INTTYPES_H 1
#define HAVE_STDINT_H 1
#define HAVE_UNISTD_H 1
#define RETSIGTYPE void
#define HAVE__BOOL 1
#define HAVE_STDBOOL_H 1
#define TIME_WITH_SYS_TIME 1
#define HAVE_FCNTL_H 1
#define HAVE_LIMITS_H 1
#define HAVE_MALLOC_H 1
#define HAVE_STDARG_H 1
#define HAVE_SYSLOG_H 1
#define HAVE_SYSINFO 1
#define HAVE_SYS_TIME_H 1
#define HAVE_STDLIB_H 1
#define HAVE_MALLOC 1
#define HAVE_STDLIB_H 1
#define HAVE_REALLOC 1
#define HAVE_STRFTIME 1
#define HAVE_BZERO 1
#define HAVE_GETHOSTNAME 1
#define HAVE_GETTIMEOFDAY 1
#define HAVE_INDEX 1
#define HAVE_MEMSET 1
#define HAVE_MKFIFO 1
#define HAVE_SOCKET 1
#define HAVE_STAT 1
#define HAVE_STRCHR 1
#define HAVE_STRDUP 1
#define HAVE_STRNLEN 1
#define HAVE_STRTOULL 1
#define HAVE_STRSTR 1
#define HAVE_LIBCRYPTO 1
#define USE_DISK_VOID /**/
#define USE_TABLE_DENSE_1 1
#define USE_COMM_WORLD 1

configure: exit 0
